// 重构日志: 636eef36
// 重构日志: 74618765
// 重构日志: a4642d6d
// 重构日志: f8cb1fc4
// 同步 ID: 3927ee5b @ Thu Jul  2 06:25:31 UTC 2026
// 同步 ID: 66cc83dc @ Thu Jul  2 10:33:56 UTC 2026
// 重构日志: a6633df6
// 重构日志: 0173401a
// 重构日志: c4050549
// 重构日志: c24d1070
// 同步 ID: da1cd395 @ Sun Jul  5 09:00:19 UTC 2026
// 同步 ID: 63bcad12 @ Tue Jul  7 12:32:09 UTC 2026
// 重构日志: 9640086d
// 同步 ID: 8c0e5827 @ Wed Jul  8 17:06:33 UTC 2026
// 同步 ID: eadcd84d @ Fri Jul 10 16:05:08 UTC 2026
// 重构日志: c6709924
// 同步 ID: ddcd6121 @ Sat Jul 11 11:28:42 UTC 2026
// 同步 ID: d0b01f62 @ Mon Jul 13 00:52:39 UTC 2026
// 重构日志: 20b529e0
// 重构日志: 5d08fa1f
// 重构日志: 1c04c0c1
// 重构日志: c8329720
// 重构日志: 08584d36
// 重构日志: 85d6a40e
// 重构日志: a935d0c6
// 重构日志: cecc2081
// 同步 ID: c00ee14f @ Thu Jul 16 07:15:09 UTC 2026
// 重构日志: 4e85c8ac
// 重构日志: ef941b41
// 同步 ID: 14a99a7c @ Sat Jul 18 11:36:11 UTC 2026
